<?xml version="1.0" encoding="UTF-8"?>
<testng-results skipped="0" failed="0" ignored="0" total="2" passed="2">
  <reporter-output>
  </reporter-output>
  <suite name="Suite" duration-ms="22733" started-at="2017-03-28T11:48:44Z" finished-at="2017-03-28T11:49:07Z">
    <groups>
    </groups>
    <test name="Test" duration-ms="22733" started-at="2017-03-28T11:48:44Z" finished-at="2017-03-28T11:49:07Z">
      <class name="jenkinmvnpkg.googlepage">
        <test-method status="PASS" signature="beformethod()[pri:0, instance:jenkinmvnpkg.googlepage@1fa1d9b]" name="beformethod" is-config="true" duration-ms="3901" started-at="2017-03-28T17:18:56Z" finished-at="2017-03-28T17:19:00Z">
          <reporter-output>
          </reporter-output>
        </test-method> <!-- beformethod -->
        <test-method status="PASS" signature="f()[pri:0, instance:jenkinmvnpkg.googlepage@1fa1d9b]" name="f" duration-ms="6389" started-at="2017-03-28T17:19:00Z" finished-at="2017-03-28T17:19:06Z">
          <reporter-output>
          </reporter-output>
        </test-method> <!-- f -->
        <test-method status="PASS" signature="aftermethod()[pri:0, instance:jenkinmvnpkg.googlepage@1fa1d9b]" name="aftermethod" is-config="true" duration-ms="395" started-at="2017-03-28T17:19:06Z" finished-at="2017-03-28T17:19:07Z">
          <reporter-output>
          </reporter-output>
        </test-method> <!-- aftermethod -->
      </class> <!-- jenkinmvnpkg.googlepage -->
      <class name="jenkinmvnpkg.jenkintest">
        <test-method status="PASS" signature="beformethod()[pri:0, instance:jenkinmvnpkg.jenkintest@18355a8]" name="beformethod" is-config="true" duration-ms="4794" started-at="2017-03-28T17:18:44Z" finished-at="2017-03-28T17:18:49Z">
          <reporter-output>
          </reporter-output>
        </test-method> <!-- beformethod -->
        <test-method status="PASS" signature="f()[pri:0, instance:jenkinmvnpkg.jenkintest@18355a8]" name="f" duration-ms="6832" started-at="2017-03-28T17:18:49Z" finished-at="2017-03-28T17:18:56Z">
          <reporter-output>
          </reporter-output>
        </test-method> <!-- f -->
        <test-method status="PASS" signature="aftermethod()[pri:0, instance:jenkinmvnpkg.jenkintest@18355a8]" name="aftermethod" is-config="true" duration-ms="396" started-at="2017-03-28T17:18:56Z" finished-at="2017-03-28T17:18:56Z">
          <reporter-output>
          </reporter-output>
        </test-method> <!-- aftermethod -->
      </class> <!-- jenkinmvnpkg.jenkintest -->
    </test> <!-- Test -->
  </suite> <!-- Suite -->
</testng-results>
